<?xml version="1.0" encoding="UTF-8"?>
<!-- Generated by org.testng.reporters.JUnitReportReporter -->
<testsuite hostname="Mantu-PC" name="com.qa.tests.LoginTest" tests="3" failures="0" timestamp="6 Nov 2019 02:49:10 GMT" time="0.011" errors="0">
  <testcase name="test3Test" time="0.001" classname="com.qa.tests.LoginTest"/>
  <testcase name="test2Test" time="0.000" classname="com.qa.tests.LoginTest"/>
  <testcase name="test1Test" time="0.010" classname="com.qa.tests.LoginTest"/>
</testsuite> <!-- com.qa.tests.LoginTest -->
