<?xml version="1.0" encoding="UTF-8"?>
<!-- Generated by org.testng.reporters.JUnitReportReporter -->
<testsuite skipped="0" hostname="Mantu-PC" name="com.qa.tests.LoginTest" tests="3" failures="0" timestamp="28 May 2020 13:07:31 GMT" time="0.007" errors="0">
  <testcase name="test1Test" time="0.007" classname="com.qa.tests.LoginTest"/>
  <testcase name="test2Test" time="0.000" classname="com.qa.tests.LoginTest"/>
  <testcase name="test3Test" time="0.000" classname="com.qa.tests.LoginTest"/>
</testsuite> <!-- com.qa.tests.LoginTest -->
